<?xml version="1.0" encoding="UTF-8"?>
<testng-results ignored="0" total="1" passed="0" failed="1" skipped="0">
  <reporter-output>
  </reporter-output>
  <suite started-at="2021-11-28T13:57:32 SAST" name="Default suite" finished-at="2021-11-28T13:58:35 SAST" duration-ms="63229">
    <groups>
    </groups>
    <test started-at="2021-11-28T13:57:32 SAST" name="Default test" finished-at="2021-11-28T13:58:35 SAST" duration-ms="63229">
      <class name="com.oldmutual.testCase.TestC_WebsiteTest_001">
        <test-method is-config="true" signature="setup()[pri:0, instance:com.oldmutual.testCase.TestC_WebsiteTest_001@481a996b]" started-at="2021-11-28T13:57:32 SAST" name="setup" finished-at="2021-11-28T13:57:35 SAST" duration-ms="3439" status="PASS">
          <reporter-output>
          </reporter-output>
        </test-method> <!-- setup -->
        <test-method signature="browseToFinancePageTest()[pri:0, instance:com.oldmutual.testCase.TestC_WebsiteTest_001@481a996b]" started-at="2021-11-28T13:57:35 SAST" name="browseToFinancePageTest" finished-at="2021-11-28T13:58:34 SAST" duration-ms="58595" status="FAIL">
          <exception class="org.openqa.selenium.NoSuchFrameException">
            <message>
              <![CDATA[no such frame: element is not a frame
  (Session info: chrome=96.0.4664.45)
Build info: version: '4.0.0-alpha-3', revision: '8c567de6dc'
System info: host: 'JAVADEV', ip: '192.168.88.249', os.name: 'Windows 10', os.arch: 'amd64', os.version: '10.0', java.version: '16.0.2'
Driver info: org.openqa.selenium.chrome.ChromeDriver
Capabilities {acceptInsecureCerts: false, browserName: chrome, browserVersion: 96.0.4664.45, chrome: {chromedriverVersion: 96.0.4664.45 (76e4c1bb2ab46..., userDataDir: C:\Users\theon\AppData\Loca...}, goog:chromeOptions: {debuggerAddress: localhost:54125}, javascriptEnabled: true, networkConnectionEnabled: false, pageLoadStrategy: normal, platform: WINDOWS, platformName: WINDOWS, proxy: Proxy(), setWindowRect: true, strictFileInteractability: false, timeouts: {implicit: 0, pageLoad: 300000, script: 30000}, unhandledPromptBehavior: dismiss and notify, webauthn:extension:credBlob: true, webauthn:extension:largeBlob: true, webauthn:virtualAuthenticators: true}
Session ID: 4845b601d84fa562f7f0375f606239ca]]>
            </message>
            <full-stacktrace>
              <![CDATA[org.openqa.selenium.NoSuchFrameException: no such frame: element is not a frame
  (Session info: chrome=96.0.4664.45)
Build info: version: '4.0.0-alpha-3', revision: '8c567de6dc'
System info: host: 'JAVADEV', ip: '192.168.88.249', os.name: 'Windows 10', os.arch: 'amd64', os.version: '10.0', java.version: '16.0.2'
Driver info: org.openqa.selenium.chrome.ChromeDriver
Capabilities {acceptInsecureCerts: false, browserName: chrome, browserVersion: 96.0.4664.45, chrome: {chromedriverVersion: 96.0.4664.45 (76e4c1bb2ab46..., userDataDir: C:\Users\theon\AppData\Loca...}, goog:chromeOptions: {debuggerAddress: localhost:54125}, javascriptEnabled: true, networkConnectionEnabled: false, pageLoadStrategy: normal, platform: WINDOWS, platformName: WINDOWS, proxy: Proxy(), setWindowRect: true, strictFileInteractability: false, timeouts: {implicit: 0, pageLoad: 300000, script: 30000}, unhandledPromptBehavior: dismiss and notify, webauthn:extension:credBlob: true, webauthn:extension:largeBlob: true, webauthn:virtualAuthenticators: true}
Session ID: 4845b601d84fa562f7f0375f606239ca
at java.base/jdk.internal.reflect.NativeConstructorAccessorImpl.newInstance0(Native Method)
at java.base/jdk.internal.reflect.NativeConstructorAccessorImpl.newInstance(NativeConstructorAccessorImpl.java:78)
at java.base/jdk.internal.reflect.DelegatingConstructorAccessorImpl.newInstance(DelegatingConstructorAccessorImpl.java:45)
at java.base/java.lang.reflect.Constructor.newInstanceWithCaller(Constructor.java:499)
at java.base/java.lang.reflect.Constructor.newInstance(Constructor.java:480)
at org.openqa.selenium.remote.codec.w3c.W3CHttpResponseCodec.createException(W3CHttpResponseCodec.java:191)
at org.openqa.selenium.remote.codec.w3c.W3CHttpResponseCodec.decode(W3CHttpResponseCodec.java:125)
at org.openqa.selenium.remote.codec.w3c.W3CHttpResponseCodec.decode(W3CHttpResponseCodec.java:52)
at org.openqa.selenium.remote.HttpCommandExecutor.execute(HttpCommandExecutor.java:161)
at org.openqa.selenium.remote.service.DriverCommandExecutor.execute(DriverCommandExecutor.java:83)
at org.openqa.selenium.remote.RemoteWebDriver.execute(RemoteWebDriver.java:576)
at org.openqa.selenium.remote.RemoteWebDriver$RemoteTargetLocator.frame(RemoteWebDriver.java:948)
at org.openqa.selenium.remote.RemoteWebDriver$RemoteTargetLocator.frame(RemoteWebDriver.java:942)
at com.oldmutual.pageObject.OmPersonalLoanPage.clickDdLownAmount(OmPersonalLoanPage.java:58)
at com.oldmutual.testCase.TestC_WebsiteTest_001.browseToFinancePageTest(TestC_WebsiteTest_001.java:47)
at java.base/jdk.internal.reflect.NativeMethodAccessorImpl.invoke0(Native Method)
at java.base/jdk.internal.reflect.NativeMethodAccessorImpl.invoke(NativeMethodAccessorImpl.java:78)
at java.base/jdk.internal.reflect.DelegatingMethodAccessorImpl.invoke(DelegatingMethodAccessorImpl.java:43)
at java.base/java.lang.reflect.Method.invoke(Method.java:567)
at org.testng.internal.MethodInvocationHelper.invokeMethod(MethodInvocationHelper.java:133)
at org.testng.internal.TestInvoker.invokeMethod(TestInvoker.java:598)
at org.testng.internal.TestInvoker.invokeTestMethod(TestInvoker.java:173)
at org.testng.internal.MethodRunner.runInSequence(MethodRunner.java:46)
at org.testng.internal.TestInvoker$MethodInvocationAgent.invoke(TestInvoker.java:824)
at org.testng.internal.TestInvoker.invokeTestMethods(TestInvoker.java:146)
at org.testng.internal.TestMethodWorker.invokeTestMethods(TestMethodWorker.java:146)
at org.testng.internal.TestMethodWorker.run(TestMethodWorker.java:128)
at java.base/java.util.ArrayList.forEach(ArrayList.java:1511)
at org.testng.TestRunner.privateRun(TestRunner.java:794)
at org.testng.TestRunner.run(TestRunner.java:596)
at org.testng.SuiteRunner.runTest(SuiteRunner.java:377)
at org.testng.SuiteRunner.runSequentially(SuiteRunner.java:371)
at org.testng.SuiteRunner.privateRun(SuiteRunner.java:332)
at org.testng.SuiteRunner.run(SuiteRunner.java:276)
at org.testng.SuiteRunnerWorker.runSuite(SuiteRunnerWorker.java:53)
at org.testng.SuiteRunnerWorker.run(SuiteRunnerWorker.java:96)
at org.testng.TestNG.runSuitesSequentially(TestNG.java:1212)
at org.testng.TestNG.runSuitesLocally(TestNG.java:1134)
at org.testng.TestNG.runSuites(TestNG.java:1063)
at org.testng.TestNG.run(TestNG.java:1031)
at org.testng.remote.AbstractRemoteTestNG.run(AbstractRemoteTestNG.java:115)
at org.testng.remote.RemoteTestNG.initAndRun(RemoteTestNG.java:251)
at org.testng.remote.RemoteTestNG.main(RemoteTestNG.java:77)
]]>
            </full-stacktrace>
          </exception> <!-- org.openqa.selenium.NoSuchFrameException -->
          <reporter-output>
          </reporter-output>
        </test-method> <!-- browseToFinancePageTest -->
        <test-method is-config="true" signature="closeBrowser()[pri:0, instance:com.oldmutual.testCase.TestC_WebsiteTest_001@481a996b]" started-at="2021-11-28T13:58:34 SAST" name="closeBrowser" finished-at="2021-11-28T13:58:35 SAST" duration-ms="1112" status="PASS">
          <reporter-output>
          </reporter-output>
        </test-method> <!-- closeBrowser -->
      </class> <!-- com.oldmutual.testCase.TestC_WebsiteTest_001 -->
    </test> <!-- Default test -->
  </suite> <!-- Default suite -->
</testng-results>
