<?xml version="1.0" encoding="UTF-8"?>
<!-- Generated by org.testng.reporters.JUnitXMLReporter -->
<testsuite ignored="0" hostname="JavaDev" failures="1" tests="1" name="testngTest" time="0.094" errors="0" timestamp="2021-11-29T07:25:24 SAST">
  <testcase classname="com.oldmutual.testBase.BaseClass" name="@AfterClass closeBrowser" time="0.001">
    <failure type="java.lang.NullPointerException" message="Cannot invoke &amp;quot;org.openqa.selenium.WebDriver.quit()&amp;quot; because &amp;quot;com.oldmutual.testBase.BaseClass.driver&amp;quot; is null">
      <![CDATA[java.lang.NullPointerException: Cannot invoke "org.openqa.selenium.WebDriver.quit()" because "com.oldmutual.testBase.BaseClass.driver" is null
at com.oldmutual.testBase.BaseClass.closeBrowser(BaseClass.java:67)
at java.base/java.util.ArrayList.forEach(ArrayList.java:1511)
... Removed 25 stack frames]]>
    </failure>
  </testcase> <!-- @AfterClass closeBrowser -->
  <testcase classname="com.oldmutual.testCase.TestC_WebsiteTest_001" name="browseToFinancePageTest" time="0.008">
    <failure type="java.lang.NullPointerException" message="Cannot invoke &amp;quot;org.openqa.selenium.WebDriver.get(String)&amp;quot; because &amp;quot;com.oldmutual.testBase.BaseClass.driver&amp;quot; is null">
      <![CDATA[java.lang.NullPointerException: Cannot invoke "org.openqa.selenium.WebDriver.get(String)" because "com.oldmutual.testBase.BaseClass.driver" is null
at com.oldmutual.testBase.BaseClass.getHomeUrl(BaseClass.java:27)
at com.oldmutual.testCase.TestC_WebsiteTest_001.browseToFinancePageTest(TestC_WebsiteTest_001.java:19)
at java.base/java.util.ArrayList.forEach(ArrayList.java:1511)
... Removed 27 stack frames]]>
    </failure>
  </testcase> <!-- browseToFinancePageTest -->
</testsuite> <!-- testngTest -->
